<?xml version="1.0" encoding="UTF-8"?>
<testsuite xmlns:xsi="http://www.w3.org/2001/XMLSchema-instance" xsi:noNamespaceSchemaLocation="https://maven.apache.org/surefire/maven-surefire-plugin/xsd/surefire-test-report.xsd" name="Test.AutomationTest.Runner.TestRunner" time="55.435" tests="16" errors="0" skipped="0" failures="0">
  <properties>
[...]
</properties>
  <testcase name="Given I have launched the app and Home page title is displayed" classname="Scenario: Check if all the three categories of cheese are displayed" time="0.001"/>
  <testcase name="Then Validate all the three categories of cheese are displayed" classname="Scenario: Check if all the three categories of cheese are displayed" time="0"/>
  <testcase name="Scenario: Check if all the three categories of cheese are displayed" classname="Scenario: Check if all the three categories of cheese are displayed" time="2.997"/>
  <testcase name="Given I have launched the app and Home page title is displayed" classname="| CATEGORY 1 | CATEGORY 2 | CATEGORY 3 |" time="0"/>
  <testcase name="Then Validate all the three categories of cheese &quot;CATEGORY 1&quot; &quot;CATEGORY 2&quot; &quot;CATEGORY 3&quot; are displayed" classname="| CATEGORY 1 | CATEGORY 2 | CATEGORY 3 |" time="0"/>
  <testcase name="| CATEGORY 1 | CATEGORY 2 | CATEGORY 3 |" classname="| CATEGORY 1 | CATEGORY 2 | CATEGORY 3 |" time="2.952"/>
  <testcase name="Given I have launched the app and Home page title is displayed" classname="Scenario: Check if all the three sections are displayed for the selected cheese" time="0.001"/>
  <testcase name="Then Select a cheese" classname="Scenario: Check if all the three sections are displayed for the selected cheese" time="0"/>
  <testcase name="Then Validate Info Section is displayed" classname="Scenario: Check if all the three sections are displayed for the selected cheese" time="0"/>
  <testcase name="Then Validate Friends Section is displayed" classname="Scenario: Check if all the three sections are displayed for the selected cheese" time="0"/>
  <testcase name="Then Validate Related Section is displayed" classname="Scenario: Check if all the three sections are displayed for the selected cheese" time="0"/>
  <testcase name="Scenario: Check if all the three sections are displayed for the selected cheese" classname="Scenario: Check if all the three sections are displayed for the selected cheese" time="2.91"/>
  <testcase name="Given I have launched the app and Home page title is displayed(| Night " classname="always) |" time="0"/>
  <testcase name="Then Click the Ellipsis on top right of the app and select night mode(| Night " classname="always) |" time="0"/>
  <testcase name="Then Change the mode to &quot;Night (always)&quot;(| Night " classname="always) |" time="0"/>
  <testcase name="| Night " classname="| Night (always) |" time="3.207"/>
</testsuite>