<?xml version="1.0" encoding="UTF-8"?><testsuite failures="0" name="cucumber.runtime.formatter.JUnitFormatter" skipped="0" tests="4" time="54.907125">
<testcase classname="Cheese Test" name="Check if all the three categories of cheese are displayed" time="11.681548">
<system-out><![CDATA[Given I have launched the app and Home page title is displayed..............passed
Then Validate all the three categories of cheese are displayed..............passed
]]></system-out>
</testcase>
<testcase classname="Cheese Test" name="Check if all the three categories of cheese are displayed" time="11.281039">
<system-out><![CDATA[Given I have launched the app and Home page title is displayed..............passed
Then Validate all the three categories of cheese "CATEGORY 1" "CATEGORY 2" "CATEGORY 3" are displayed.passed
]]></system-out>
</testcase>
<testcase classname="Cheese Test" name="Check if all the three sections are displayed for the selected cheese" time="14.735159">
<system-out><![CDATA[Given I have launched the app and Home page title is displayed..............passed
Then Select a cheese........................................................passed
Then Validate Info Section is displayed.....................................passed
Then Validate Friends Section is displayed..................................passed
Then Validate Related Section is displayed..................................passed
]]></system-out>
</testcase>
<testcase classname="Cheese Test" name="Change the mode of the App" time="17.209379">
<system-out><![CDATA[Given I have launched the app and Home page title is displayed..............passed
Then Click the Ellipsis on top right of the app and select night mode.......passed
Then Change the mode to "Night (always)"....................................passed
]]></system-out>
</testcase>
</testsuite>
